<?xml version="1.0" encoding="UTF-8"?>
<!-- Generated by org.testng.reporters.JUnitReportReporter -->
<testsuite hostname="DimaPC98" failures="0" tests="1" name="MainClass" time="42.952" errors="0" timestamp="2023-02-16T23:18:21 EET" skipped="0">
  <testcase classname="MainClass" name="LOWEST_PRICE" time="42.952"/>
  <system-out/>
</testsuite> <!-- MainClass -->
